<?xml version="1.0" encoding="UTF-8"?>
<testng-results ignored="0" total="1" passed="1" failed="0" skipped="0">
  <reporter-output>
  </reporter-output>
  <suite started-at="2026-01-31T14:24:16 IST" name="Default suite" finished-at="2026-01-31T14:24:37 IST" duration-ms="21134">
    <groups>
    </groups>
    <test started-at="2026-01-31T14:24:16 IST" name="Default test" finished-at="2026-01-31T14:24:37 IST" duration-ms="21134">
      <class name="org.automation.modularFramework.TC_BuyPhoneCover">
        <test-method is-config="true" signature="browserSetUp()[pri:0, instance:org.automation.modularFramework.TC_BuyPhoneCover@4988d8b8]" started-at="2026-01-31T14:24:16 IST" name="browserSetUp" finished-at="2026-01-31T14:24:22 IST" duration-ms="5913" status="PASS">
          <reporter-output>
          </reporter-output>
        </test-method> <!-- browserSetUp -->
        <test-method is-config="true" signature="login()[pri:0, instance:org.automation.modularFramework.TC_BuyPhoneCover@4988d8b8]" started-at="2026-01-31T14:24:22 IST" name="login" finished-at="2026-01-31T14:24:24 IST" duration-ms="2141" status="PASS">
          <reporter-output>
          </reporter-output>
        </test-method> <!-- login -->
        <test-method signature="BuyPhoneCoverMethod()[pri:0, instance:org.automation.modularFramework.TC_BuyPhoneCover@4988d8b8]" started-at="2026-01-31T14:24:24 IST" name="BuyPhoneCoverMethod" finished-at="2026-01-31T14:24:36 IST" duration-ms="11807" status="PASS">
          <reporter-output>
          </reporter-output>
        </test-method> <!-- BuyPhoneCoverMethod -->
        <test-method is-config="true" signature="logout()[pri:0, instance:org.automation.modularFramework.TC_BuyPhoneCover@4988d8b8]" started-at="2026-01-31T14:24:36 IST" name="logout" finished-at="2026-01-31T14:24:37 IST" duration-ms="1033" status="PASS">
          <reporter-output>
          </reporter-output>
        </test-method> <!-- logout -->
        <test-method is-config="true" signature="browserTearDown()[pri:0, instance:org.automation.modularFramework.TC_BuyPhoneCover@4988d8b8]" started-at="2026-01-31T14:24:37 IST" name="browserTearDown" finished-at="2026-01-31T14:24:37 IST" duration-ms="208" status="PASS">
          <reporter-output>
          </reporter-output>
        </test-method> <!-- browserTearDown -->
      </class> <!-- org.automation.modularFramework.TC_BuyPhoneCover -->
    </test> <!-- Default test -->
  </suite> <!-- Default suite -->
</testng-results>
