<?xml version="1.0" encoding="UTF-8"?>
<!-- Generated by org.testng.reporters.JUnitXMLReporter -->
<testsuite ignored="0" hostname="Mohini" failures="0" tests="3" name="Test1" time="12.482" errors="0" timestamp="2026-01-08T12:00:59 IST">
  <testcase classname="org.automation.parellelExecution.Rohit" name="launchWiki" time="6.634"/>
  <testcase classname="org.automation.parellelExecution.Virat" name="launchWiki" time="3.047"/>
  <testcase classname="org.automation.parellelExecution.Hardik" name="launchWiki" time="2.765"/>
</testsuite> <!-- Test1 -->
