<?xml version="1.0" encoding="UTF-8"?>
<!-- Generated by org.testng.reporters.JUnitReportReporter -->
<testsuite hostname="Mohini" failures="0" tests="3" name="org.automation.DataProvider.DataProvider1" time="38.626" errors="0" timestamp="2026-01-16T11:44:32 IST" skipped="0">
  <testcase classname="org.automation.DataProvider.DataProvider1" name="login" time="10.784"/>
  <testcase classname="org.automation.DataProvider.DataProvider1" name="login" time="17.241"/>
  <testcase classname="org.automation.DataProvider.DataProvider1" name="login" time="10.601"/>
</testsuite> <!-- org.automation.DataProvider.DataProvider1 -->
