<?xml version="1.0" encoding="UTF-8"?>
<!-- Generated by org.testng.reporters.JUnitReportReporter -->
<testsuite hostname="Mohini" failures="0" tests="3" name="org.automation.DataProvider.DataProvider2" time="25.264" errors="0" timestamp="2026-01-17T11:41:27 IST" skipped="0">
  <testcase classname="org.automation.DataProvider.DataProvider2" name="invalidLogin" time="9.376"/>
  <testcase classname="org.automation.DataProvider.DataProvider2" name="invalidLogin" time="8.040"/>
  <testcase classname="org.automation.DataProvider.DataProvider2" name="invalidLogin" time="7.848"/>
</testsuite> <!-- org.automation.DataProvider.DataProvider2 -->
