<?xml version="1.0" encoding="UTF-8"?>
<!-- Generated by org.testng.reporters.JUnitReportReporter -->
<testsuite hostname="Mohini" failures="0" tests="1" name="org.automation.batchExecution.Suzuki" time="33.271" errors="0" timestamp="2026-01-08T11:31:24 IST" skipped="0">
  <testcase classname="org.automation.batchExecution.Suzuki" name="launchingHayabusa" time="33.271">
    <system-out>
      <![CDATA[Launched hayabusa]]>
    </system-out>
  </testcase> <!-- launchingHayabusa -->
  <system-out>
    <![CDATA[launched iron 883
Launched hayabusa]]>
  </system-out>
</testsuite> <!-- org.automation.batchExecution.Suzuki -->
