<?xml version="1.0" encoding="UTF-8"?>
<!-- Generated by org.testng.reporters.JUnitReportReporter -->
<testsuite hostname="Mohini" failures="0" tests="5" name="org.automation.testNGLearning.PriorityOnTC" time="31.996" errors="0" timestamp="2026-01-06T11:58:52 IST" skipped="0">
  <testcase classname="org.automation.testNGLearning.PriorityOnTC" name="register" time="7.085"/>
  <testcase classname="org.automation.testNGLearning.PriorityOnTC" name="login" time="5.653"/>
  <testcase classname="org.automation.testNGLearning.PriorityOnTC" name="login" time="6.123"/>
  <testcase classname="org.automation.testNGLearning.PriorityOnTC" name="login" time="5.826"/>
  <testcase classname="org.automation.testNGLearning.PriorityOnTC" name="login" time="7.309"/>
</testsuite> <!-- org.automation.testNGLearning.PriorityOnTC -->
