<?xml version="1.0" encoding="UTF-8"?>
<!-- Generated by org.testng.reporters.JUnitReportReporter -->
<testsuite hostname="Mohini" failures="0" tests="1" name="org.automation.modularFramework.TC_RemoveProductFromCart_002_Test" time="23.909" errors="0" timestamp="2026-01-21T12:06:21 IST" skipped="0">
  <testcase classname="org.automation.modularFramework.TC_RemoveProductFromCart_002_Test" name="removeProductFromCartMethod" time="23.909">
    <system-out>
      <![CDATA[Product is removed from cart!!]]>
    </system-out>
  </testcase> <!-- removeProductFromCartMethod -->
  <system-out>
    <![CDATA[Product is removed from cart!!]]>
  </system-out>
</testsuite> <!-- org.automation.modularFramework.TC_RemoveProductFromCart_002_Test -->
