<?xml version="1.0" encoding="UTF-8"?>
<!-- Generated by org.testng.reporters.JUnitReportReporter -->
<testsuite hostname="Mohini" failures="0" tests="1" name="org.automation.batchExecution.HarleyDavidson" time="4.586" errors="0" timestamp="2026-01-08T11:31:24 IST" skipped="0">
  <testcase classname="org.automation.batchExecution.HarleyDavidson" name="launchingHarleyDavidson" time="4.586">
    <system-out>
      <![CDATA[launched iron 883]]>
    </system-out>
  </testcase> <!-- launchingHarleyDavidson -->
  <system-out>
    <![CDATA[launched iron 883
Launched hayabusa]]>
  </system-out>
</testsuite> <!-- org.automation.batchExecution.HarleyDavidson -->
