<?xml version="1.0" encoding="UTF-8"?>
<!-- Generated by org.testng.reporters.JUnitReportReporter -->
<testsuite hostname="Mohini" failures="0" tests="1" name="org.A6_JAVA_AUTOMATION.Annotaion.ConfigurationAnnotations" time="0.006" errors="0" timestamp="2026-01-12T12:20:00 IST" skipped="0">
  <testcase classname="org.A6_JAVA_AUTOMATION.Annotaion.ConfigurationAnnotations" name="testCase1" time="0.006">
    <system-out>
      <![CDATA[This is a @Test method]]>
    </system-out>
  </testcase> <!-- testCase1 -->
  <system-out>
    <![CDATA[This is BeforeSuit
This is BeforeTest
This is BeforeClass
This is BeforeMethod
This is a @Test method
AfterMethod
This is AfterClass
This is AfterTest
This is AfterSuit]]>
  </system-out>
</testsuite> <!-- org.A6_JAVA_AUTOMATION.Annotaion.ConfigurationAnnotations -->
