<?xml version="1.0" encoding="UTF-8"?>
<!-- Generated by org.testng.reporters.JUnitReportReporter -->
<testsuite hostname="Mohini" failures="0" tests="3" name="org.automation.testNGLearning.UnderstandingPriority" time="58.327" errors="0" timestamp="2026-01-08T11:28:33 IST" skipped="0">
  <testcase classname="org.automation.testNGLearning.UnderstandingPriority" name="launchingPurple" time="45.078"/>
  <testcase classname="org.automation.testNGLearning.UnderstandingPriority" name="launchingFullyFilmy" time="5.350"/>
  <testcase classname="org.automation.testNGLearning.UnderstandingPriority" name="launchingKalkiFasion" time="7.899"/>
</testsuite> <!-- org.automation.testNGLearning.UnderstandingPriority -->
